\BOOKMARK [1][-]{section.1}{\376\377\000D\000a\000t\000a\000b\000a\000s\000e\000\040\000i\000n\000t\000r\000o\000d\000u\000c\000t\000i\000o\000n}{}% 1
\BOOKMARK [2][-]{subsection.1.1}{\376\377\000Q\000u\000e\000r\000y\000\040\000c\000o\000m\000p\000i\000l\000e\000r}{section.1}% 2
\BOOKMARK [2][-]{subsection.1.2}{\376\377\000T\000r\000a\000n\000s\000a\000c\000t\000i\000o\000n\000\040\000m\000a\000n\000a\000g\000e\000r}{section.1}% 3
\BOOKMARK [1][-]{section.2}{\376\377\000T\000h\000e\000\040\000r\000e\000l\000a\000t\000i\000o\000n\000a\000l\000\040\000m\000o\000d\000e\000l\000\040\000o\000f\000\040\000d\000a\000t\000a}{}% 4
\BOOKMARK [2][-]{subsection.2.1}{\376\377\000T\000h\000e\000\040\000s\000e\000m\000i\000s\000t\000r\000u\000c\000t\000u\000r\000e\000d\000-\000d\000a\000t\000a\000\040\000m\000o\000d\000e\000l}{section.2}% 5
\BOOKMARK [2][-]{subsection.2.2}{\376\377\000D\000o\000c\000u\000m\000e\000n\000t\000\040\000T\000y\000p\000e\000\040\000D\000e\000f\000i\000n\000i\000t\000i\000o\000n\000\040\000m\000o\000d\000e\000l}{section.2}% 6
\BOOKMARK [2][-]{subsection.2.3}{\376\377\000T\000h\000e\000\040\000b\000a\000s\000i\000c\000s\000\040\000o\000f\000\040\000r\000e\000l\000a\000t\000i\000o\000n\000a\000l\000\040\000d\000a\000t\000a\000b\000a\000s\000e}{section.2}% 7
\BOOKMARK [2][-]{subsection.2.4}{\376\377\000S\000Q\000L\000\040\000l\000a\000n\000g\000u\000a\000g\000e}{section.2}% 8
\BOOKMARK [3][-]{subsubsection.2.4.1}{\376\377\000K\000e\000y\000s}{subsection.2.4}% 9
\BOOKMARK [1][-]{section.3}{\376\377\000A\000l\000g\000e\000b\000r\000a\000i\000c\000\040\000Q\000u\000e\000r\000y\000\040\000L\000a\000n\000g\000u\000a\000g\000e}{}% 10
\BOOKMARK [2][-]{subsection.3.1}{\376\377\000E\000x\000a\000m\000p\000l\000e\000s}{section.3}% 11
\BOOKMARK [1][-]{section.4}{\376\377\000T\000r\000a\000n\000s\000a\000c\000t\000i\000o\000n}{}% 12
\BOOKMARK [1][-]{section.5}{\376\377\000D\000e\000s\000i\000g\000n\000\040\000t\000h\000e\000o\000r\000y\000\040\000f\000o\000r\000\040\000R\000e\000l\000a\000t\000i\000o\000n\000a\000l\000\040\000D\000a\000t\000a\000b\000a\000s\000e\000s}{}% 13
\BOOKMARK [2][-]{subsection.5.1}{\376\377\000F\000u\000n\000c\000t\000i\000o\000n\000a\000l\000\040\000d\000e\000p\000e\000n\000d\000e\000n\000c\000i\000e\000s}{section.5}% 14
\BOOKMARK [3][-]{subsubsection.5.1.1}{\376\377\000K\000e\000y\000s}{subsection.5.1}% 15
\BOOKMARK [3][-]{subsubsection.5.1.2}{\376\377\000C\000l\000o\000s\000u\000r\000e\000s}{subsection.5.1}% 16
\BOOKMARK [1][-]{section.6}{\376\377\000D\000e\000s\000i\000g\000n\000i\000n\000g\000\040\000a\000\040\000D\000a\000t\000a\000b\000a\000s\000e}{}% 17
\BOOKMARK [2][-]{subsection.6.1}{\376\377\000A\000n\000o\000m\000a\000l\000i\000e\000s}{section.6}% 18
\BOOKMARK [2][-]{subsection.6.2}{\376\377\000B\000o\000y\000c\000e\000-\000C\000o\000d\000d\000\040\000N\000o\000r\000m\000a\000l\000\040\000F\000o\000r\000m}{section.6}% 19
\BOOKMARK [3][-]{subsubsection.6.2.1}{\376\377\000D\000e\000c\000o\000m\000p\000o\000s\000i\000t\000i\000o\000n\000g\000\040\000w\000i\000t\000h\000\040\0003\000N\000F}{subsection.6.2}% 20
\BOOKMARK [2][-]{subsection.6.3}{\376\377\000V\000a\000l\000i\000d\000\040\000d\000e\000c\000o\000m\000p\000o\000s\000e}{section.6}% 21
\BOOKMARK [1][-]{section.7}{\376\377\000H\000i\000g\000h\000-\000l\000e\000v\000e\000l\000\040\000D\000B\000\040\000m\000o\000d\000e\000l\000s}{}% 22
\BOOKMARK [2][-]{subsection.7.1}{\376\377\000M\000u\000l\000t\000i\000p\000l\000i\000c\000i\000t\000y\000\040\000o\000f\000\040\000E\000R\000\040\000m\000o\000d\000e\000l\000s}{section.7}% 23
\BOOKMARK [2][-]{subsection.7.2}{\376\377\000S\000u\000b\000c\000l\000a\000s\000s\000e\000s\000\040\000i\000n\000\040\000E\000R\000\040\000m\000o\000d\000e\000l\000s}{section.7}% 24
\BOOKMARK [2][-]{subsection.7.3}{\376\377\000D\000e\000s\000i\000g\000n\000i\000n\000g\000\040\000a\000\040\000m\000o\000d\000e\000l}{section.7}% 25
\BOOKMARK [2][-]{subsection.7.4}{\376\377\000K\000e\000y\000s\000\040\000i\000n\000\040\000E\000R\000\040\000m\000o\000d\000e\000l\000s}{section.7}% 26
\BOOKMARK [2][-]{subsection.7.5}{\376\377\000C\000o\000n\000s\000t\000r\000a\000i\000n\000t\000s}{section.7}% 27
\BOOKMARK [2][-]{subsection.7.6}{\376\377\000C\000o\000n\000v\000e\000r\000t\000i\000n\000g\000\040\000f\000r\000o\000m\000\040\000E\000R\000\040\000d\000i\000a\000g\000r\000a\000m\000\040\000t\000o\000\040\000D\000B\000\040\000m\000o\000d\000e\000l}{section.7}% 28
\BOOKMARK [3][-]{subsubsection.7.6.1}{\376\377\000i\000s\000a\000\040\000o\000b\000j\000e\000c\000t\000s}{subsection.7.6}% 29
\BOOKMARK [1][-]{section.8}{\376\377\000S\000t\000o\000r\000e\000d\000\040\000P\000r\000o\000c\000e\000d\000u\000r\000e\000s}{}% 30
\BOOKMARK [2][-]{subsection.8.1}{\376\377\000V\000a\000r\000i\000a\000b\000l\000e\000s}{section.8}% 31
\BOOKMARK [2][-]{subsection.8.2}{\376\377\000P\000r\000o\000c\000e\000d\000u\000r\000e\000\040\000c\000a\000l\000l\000s}{section.8}% 32
\BOOKMARK [2][-]{subsection.8.3}{\376\377\000I\000f\000\040\000s\000t\000a\000t\000e\000m\000e\000n\000t\000s}{section.8}% 33
\BOOKMARK [2][-]{subsection.8.4}{\376\377\000C\000u\000r\000s\000o\000r}{section.8}% 34
\BOOKMARK [2][-]{subsection.8.5}{\376\377\000L\000o\000o\000p}{section.8}% 35
\BOOKMARK [2][-]{subsection.8.6}{\376\377\000F\000o\000r\000\040\000l\000o\000o\000p\000s}{section.8}% 36
\BOOKMARK [2][-]{subsection.8.7}{\376\377\000E\000x\000c\000e\000p\000t\000i\000o\000n\000\040\000h\000a\000n\000d\000l\000e\000r\000s}{section.8}% 37
\BOOKMARK [1][-]{section.9}{\376\377\000C\000a\000l\000l\000-\000l\000e\000v\000e\000l\000\040\000I\000n\000t\000e\000r\000f\000a\000c\000e}{}% 38
\BOOKMARK [2][-]{subsection.9.1}{\376\377\000J\000D\000B\000C}{section.9}% 39
