\BOOKMARK [1][-]{section.6}{\376\377\000U\000g\000e}{}% 1
\BOOKMARK [2][-]{subsection.6.1}{\376\377\000I\000n\000d\000i\000c\000a\000t\000e\000\040\000t\000h\000e\000\040\000f\000o\000l\000l\000o\000w\000i\000n\000g\000\040\000a\000c\000c\000o\000r\000d\000i\000n\000g\000\040\000t\000o\000\040\000f\000i\000g\000u\000r\000e\000\040\0001\000.}{section.6}% 2
\BOOKMARK [3][-]{subsubsection.6.1.1}{\376\377\000T\000h\000e\000\040\000a\000t\000t\000r\000i\000b\000u\000t\000e\000s\000\040\000o\000f\000\040\000e\000a\000c\000h\000\040\000r\000e\000a\000l\000t\000i\000o\000n}{subsection.6.1}% 3
\BOOKMARK [3][-]{subsubsection.6.1.2}{\376\377\000T\000h\000e\000\040\000t\000u\000p\000l\000e\000s\000\040\000o\000f\000\040\000e\000a\000c\000h\000\040\000r\000e\000a\000l\000t\000i\000o\000n}{subsection.6.1}% 4
\BOOKMARK [3][-]{subsubsection.6.1.3}{\376\377\000T\000h\000e\000\040\000c\000o\000m\000p\000o\000n\000e\000n\000t\000s\000\040\000o\000f\000\040\000o\000n\000e\000\040\000t\000u\000b\000l\000e\000\040\000o\000f\000\040\000e\000a\000c\000h\000\040\000r\000e\000a\000l\000t\000i\000o\000n}{subsection.6.1}% 5
\BOOKMARK [3][-]{subsubsection.6.1.4}{\376\377\000T\000h\000e\000\040\000r\000e\000l\000a\000t\000i\000o\000n\000\040\000s\000c\000h\000e\000m\000a\000\040\000o\000f\000\040\000e\000a\000c\000h\000\040\000r\000e\000a\000l\000t\000i\000o\000n}{subsection.6.1}% 6
\BOOKMARK [3][-]{subsubsection.6.1.5}{\376\377\000T\000h\000e\000\040\000d\000a\000t\000a\000b\000a\000s\000e\000\040\000s\000c\000h\000e\000m\000a}{subsection.6.1}% 7
\BOOKMARK [3][-]{subsubsection.6.1.6}{\376\377\000A\000\040\000s\000u\000i\000t\000a\000b\000l\000e\000\040\000d\000o\000m\000a\000i\000n\000\040\000o\000f\000\040\000e\000a\000c\000h\000\040\000a\000t\000t\000r\000i\000b\000u\000t\000e}{subsection.6.1}% 8
\BOOKMARK [3][-]{subsubsection.6.1.7}{\376\377\000A\000n\000o\000t\000h\000e\000r\000\040\000e\000q\000u\000i\000v\000a\000l\000e\000n\000t\000\040\000w\000a\000y\000\040\000t\000o\000\040\000p\000r\000e\000s\000e\000n\000t\000\040\000e\000a\000c\000h\000\040\000r\000e\000l\000a\000t\000i\000o\000n\000.}{subsection.6.1}% 9
\BOOKMARK [2][-]{subsection.6.2}{\376\377\000I\000n\000\040\000a\000\040\000t\000a\000b\000l\000e\000\040\000w\000i\000t\000h\000\040\000t\000h\000e\000\040\000f\000o\000l\000l\000o\000w\000i\000n\000g\000\040\000a\000t\000t\000r\000i\000b\000u\000t\000e\000s\000\040\000w\000h\000i\000c\000h\000\040\000a\000r\000e\000\040\000v\000a\000l\000i\000d\000\040\000e\000x\000a\000m\000p\000l\000e\000\040\000o\000f\000\040\000k\000e\000y\000s}{section.6}% 10
\BOOKMARK [2][-]{subsection.6.3}{\376\377\000H\000o\000w\000\040\000m\000a\000n\000y\000\040\000w\000a\000y\000s\000\040\000c\000a\000n\000\040\000r\000e\000l\000a\000t\000i\000o\000n\000\040\000b\000e\000\040\000r\000e\000p\000r\000e\000s\000e\000n\000t\000e\000d\000\040\000i\000f\000\040\000i\000t\000\040\000h\000a\000s\000:}{section.6}% 11
\BOOKMARK [3][-]{subsubsection.6.3.1}{\376\377\000F\000o\000u\000r\000\040\000a\000t\000t\000r\000i\000b\000u\000t\000e\000s\000\040\000a\000n\000d\000\040\000f\000i\000v\000e\000\040\000t\000u\000p\000l\000e\000s}{subsection.6.3}% 12
\BOOKMARK [3][-]{subsubsection.6.3.2}{\376\377\000n\000\040\000a\000t\000t\000r\000i\000b\000u\000t\000e\000s\000\040\000a\000n\000d\000\040\000m\000\040\000t\000u\000p\000l\000e\000s}{subsection.6.3}% 13
\BOOKMARK [2][-]{subsection.6.4}{\376\377\000W\000r\000i\000t\000e\000\040\000a\000\040\000d\000a\000t\000a\000b\000a\000s\000e\000\040\000s\000c\000h\000e\000m\000a\000\040\000o\000f\000\040\000t\000h\000e\000\040\000f\000o\000l\000l\000o\000w\000i\000n\000g\000\040\000r\000e\000l\000a\000t\000i\000o\000n\000s}{section.6}% 14
\BOOKMARK [3][-]{subsubsection.6.4.1}{\376\377\000W\000r\000i\000t\000e\000\040\000a\000\040\000s\000c\000h\000e\000m\000a\000\040\000f\000o\000r\000\040\000P\000r\000o\000d\000u\000c\000t}{subsection.6.4}% 15
\BOOKMARK [3][-]{subsubsection.6.4.2}{\376\377\000W\000r\000i\000t\000e\000\040\000a\000\040\000s\000c\000h\000e\000m\000a\000\040\000f\000o\000r\000\040\000P\000C}{subsection.6.4}% 16
\BOOKMARK [3][-]{subsubsection.6.4.3}{\376\377\000W\000r\000i\000t\000e\000\040\000a\000\040\000s\000c\000h\000e\000m\000a\000\040\000f\000o\000r\000\040\000P\000r\000i\000n\000t\000e\000r}{subsection.6.4}% 17
\BOOKMARK [3][-]{subsubsection.6.4.4}{\376\377\000W\000r\000i\000t\000e\000\040\000a\000n\000\040\000a\000l\000t\000e\000r\000n\000a\000t\000i\000o\000n\000\040\000f\000o\000r\000\040\000P\000r\000i\000n\000t\000e\000r\000\040\000a\000n\000d\000\040\000d\000e\000l\000e\000t\000e\000\040\000t\000h\000e\000\040\000a\000t\000t\000r\000i\000b\000u\000t\000e\000\040\000c\000o\000l\000o\000r}{subsection.6.4}% 18
\BOOKMARK [3][-]{subsubsection.6.4.5}{\376\377\000A\000d\000d\000\040\000a\000n\000\040\000o\000d\000\040\000a\000t\000t\000r\000i\000b\000u\000t\000e\000\040\000f\000o\000r\000\040\000P\000C\000,\000\040\000w\000h\000i\000c\000h\000\040\000d\000e\000f\000a\000u\000l\000t\000s\000\040\000t\000o\000\040\000n\000o\000n\000e\000\040\000a\000n\000\040\000o\000t\000h\000e\000r\000w\000i\000s\000e\000\040\000c\000a\000n\000\040\000b\000e\000\040\000c\000d\000\040\000o\000r\000\040\000d\000v\000d}{subsection.6.4}% 19
\BOOKMARK [1][-]{section.7}{\376\377\000U\000g\000e}{}% 20
\BOOKMARK [2][-]{subsection.7.1}{\376\377\000W\000o\000r\000k\000i\000n\000g\000\040\000w\000i\000t\000h\000\040\000l\000i\000n\000e\000a\000r\000\040\000n\000o\000t\000a\000t\000i\000o\000n}{section.7}% 21
\BOOKMARK [3][-]{subsubsection.7.1.1}{\376\377\000P\000C\000\040\000m\000o\000d\000e\000l\000s\000\040\000w\000h\000i\000c\000h\000\040\000h\000a\000v\000e\000\040\000s\000p\000e\000e\000d\000\040\000o\000f\000\040\000a\000t\000\040\000l\000e\000a\000s\000t\000\040\0003\000.\0000\0000\000?}{subsection.7.1}% 22
\BOOKMARK [3][-]{subsubsection.7.1.2}{\376\377\000P\000C\000\040\000m\000a\000n\000u\000f\000a\000c\000t\000u\000r\000e\000r\000s\000\040\000w\000h\000i\000c\000h\000\040\000m\000a\000k\000e\000s\000\040\000P\000C\000\040\000w\000i\000t\000h\000\040\000a\000\040\000h\000d\000d\000\040\000w\000i\000t\000h\000\040\000a\000t\000\040\000l\000e\000a\000t\000\040\0001\0000\0000\000G\000B}{subsection.7.1}% 23
\BOOKMARK [3][-]{subsubsection.7.1.3}{\376\377\000F\000i\000n\000d\000\040\000m\000o\000d\000e\000l\000\040\000a\000n\000d\000\040\000p\000r\000i\000c\000e\000\040\000o\000f\000\040\000a\000l\000l\000\040\000p\000r\000o\000d\000u\000c\000t\000s\000\040\000m\000a\000d\000e\000\040\000b\000y\000\040\000m\000a\000n\000u\000f\000a\000c\000t\000u\000r\000e\000r\000\040\000B}{subsection.7.1}% 24
\BOOKMARK [3][-]{subsubsection.7.1.4}{\376\377\000F\000i\000n\000d\000\040\000m\000o\000d\000e\000l\000\040\000n\000u\000m\000b\000e\000r\000s\000\040\000o\000f\000\040\000a\000l\000l\000\040\000c\000o\000l\000o\000r\000\040\000l\000a\000s\000t\000e\000r\000\040\000p\000r\000i\000n\000t\000e\000r\000s}{subsection.7.1}% 25
\BOOKMARK [3][-]{subsubsection.7.1.5}{\376\377\000F\000i\000n\000d\000\040\000m\000a\000n\000u\000f\000a\000c\000t\000u\000r\000e\000s\000\040\000t\000h\000a\000t\000\040\000s\000e\000l\000l\000\040\000L\000a\000p\000t\000o\000p\000s\000\040\000b\000u\000t\000\040\000n\000o\000t\000\040\000P\000C}{subsection.7.1}% 26
\BOOKMARK [3][-]{subsubsection.7.1.6}{\376\377\000F\000i\000n\000d\000\040\000h\000d\000\040\000s\000i\000z\000e\000\040\000w\000h\000i\000c\000h\000\040\000a\000c\000c\000o\000u\000r\000\040\000i\000n\000\040\000t\000w\000o\000\040\000o\000r\000\040\000m\000o\000r\000e\000\040\000P\000C\000'\000s}{subsection.7.1}% 27
\BOOKMARK [2][-]{subsection.7.2}{\376\377\000I\000n\000\040\000t\000h\000e\000\040\000f\000o\000l\000l\000o\000w\000i\000n\000g\000\040\000d\000a\000t\000a\000,\000\040\000w\000h\000a\000t\000\040\000i\000s\000\040\000t\000h\000e\000\040\000r\000e\000s\000u\000l\000t\000\040\000o\000f\000\040\000s\000p\000e\000e\000d\000\050\000P\000C\000\051\000\040\000w\000h\000e\000n\000\040\000t\000r\000e\000a\000t\000e\000d\000\040\000a\000s\000\040\000a\000\040\000b\000a\000g\000\040\000a\000n\000d\000\040\000s\000e\000t}{section.7}% 28
\BOOKMARK [1][-]{section.8}{\376\377\000W\000e\000e\000k}{}% 29
\BOOKMARK [2][-]{subsection.8.1}{\376\377\000W\000h\000a\000t\000\040\000a\000r\000e\000\040\000t\000h\000e\000\040\000e\000x\000p\000e\000x\000t\000e\000d\000\040\000F\000D\000'\000s\000\040\000i\000n\000\040\000t\000h\000e\000\040\000f\000o\000l\000l\000o\000w\000i\000n\000g\000\040\000d\000a\000t\000a\000b\000a\000s\000e\000\040\000a\000n\000d\000\040\000w\000h\000a\000t\000\040\000k\000e\000y\000\040\000w\000o\000u\000l\000d\000\040\000i\000t\000\040\000h\000a\000v\000e}{section.8}% 30
\BOOKMARK [2][-]{subsection.8.2}{\376\377\000C\000o\000n\000s\000i\000d\000e\000r\000\040\000t\000h\000e\000\040\000r\000e\000l\000a\000t\000i\000o\000n\000\040\000w\000i\000t\000h\000\040\000s\000c\000h\000e\000m\000a\000\040\000R\000\050\000A\000,\000B\000,\000C\000,\000D\000\051\000\040\000a\000n\000d\000\040\000F\000D\000'\000s\000\040\000A\000B\000C\000,\000C\000D\000,\000D\000A}{section.8}% 31
\BOOKMARK [3][-]{subsubsection.8.2.1}{\376\377\000W\000h\000a\000t\000\040\000a\000r\000e\000\040\000a\000l\000l\000\040\000t\000h\000e\000\040\000n\000o\000n\000t\000r\000i\000v\000i\000a\000l\000\040\000F\000D\000'\000s\000\040\000t\000h\000a\000t\000\040\000f\000o\000l\000l\000o\000w\000\040\000f\000r\000o\000m\000\040\000t\000h\000e\000\040\000g\000i\000v\000e\000n\000\040\000F\000D\000'\000s\000?\000\040\000Y\000o\000u\000\040\000s\000h\000o\000u\000l\000d\000\040\000r\000e\000s\000t\000r\000i\000c\000t\000\040\000y\000o\000u\000r\000s\000e\000l\000f\000\040\000t\000o\000\040\000F\000D\000'\000s\000\040\000w\000i\000t\000h\000\040\000s\000i\000n\000g\000l\000e\000\040\000a\000t\000t\000r\000i\000b\000u\000t\000e\000s\000\040\000o\000n\000\040\000t\000h\000e\000\040\000r\000i\000g\000t\000h\000\040\000s\000i\000d\000e}{subsection.8.2}% 32
\BOOKMARK [3][-]{subsubsection.8.2.2}{\376\377\000W\000h\000a\000t\000\040\000a\000r\000e\000\040\000a\000l\000l\000\040\000t\000h\000e\000\040\000k\000e\000y\000s\000\040\000o\000f\000\040\000R}{subsection.8.2}% 33
\BOOKMARK [3][-]{subsubsection.8.2.3}{\376\377\000W\000h\000a\000t\000\040\000a\000r\000e\000\040\000a\000l\000l\000\040\000t\000h\000e\000\040\000s\000u\000p\000e\000r\000k\000e\000y\000s\000\040\000f\000o\000r\000\040\000R\000\040\000t\000h\000a\000t\000\040\000i\000s\000\040\000n\000o\000t\000\040\000k\000e\000y\000s\000?}{subsection.8.2}% 34
\BOOKMARK [2][-]{subsection.8.3}{\376\377\000F\000i\000n\000d\000\040\000B\000C\000N\000F\000\040\000v\000i\000o\000l\000a\000t\000i\000o\000n\000s\000\040\000a\000n\000d\000\040\000d\000e\000c\000o\000m\000p\000o\000s\000e\000\040\000t\000h\000e\000\040\000s\000c\000h\000e\000m\000a}{section.8}% 35
\BOOKMARK [3][-]{subsubsection.8.3.1}{\376\377\000R\000\050\000A\000,\000B\000,\000C\000,\000D\000\051\000\040\000w\000i\000t\000h\000\040\000A\000B\000C\000,\000\040\000C\000D\000,\000\040\000a\000n\000d\000\040\000D\000A}{subsection.8.3}% 36
\BOOKMARK [3][-]{subsubsection.8.3.2}{\376\377\000R\000\050\000A\000,\000B\000,\000C\000,\000D\000,\000E\000\051\000\040\000a\000n\000d\000\040\000A\000B\000C\000,\000\040\000D\000E\000C\000,\000\040\000B\000D}{subsection.8.3}% 37
\BOOKMARK [2][-]{subsection.8.4}{\376\377\000P\000e\000r\000f\000o\000r\000m\000\040\000t\000h\000e\000\040\000c\000h\000a\000s\000e\000\040\000m\000e\000t\000h\000o\000d\000\040\000o\000n\000\040\000t\000h\000e\000\040\000r\000e\000l\000a\000t\000i\000o\000n\000s\000\040\000R\000\050\000A\000,\000B\000,\000C\000\051\000,\000R\000\050\000B\000,\000C\000,\000D\000\051\000,\000R\000\050\000A\000,\000C\000,\000E\000\051\000\040\000u\000s\000i\000n\000g\000\040\000t\000h\000e\000\040\000g\000i\000v\000e\000n\000\040\000F\000D\000'\000s}{section.8}% 38
\BOOKMARK [3][-]{subsubsection.8.4.1}{\376\377\000B\000E\000\040\000a\000n\000d\000\040\000C\000E\000A}{subsection.8.4}% 39
\BOOKMARK [3][-]{subsubsection.8.4.2}{\376\377\000A\000D\000,\000\040\000D\000E\000\040\000a\000n\000d\000\040\000B\000D}{subsection.8.4}% 40
\BOOKMARK [2][-]{subsection.8.5}{\376\377\000T\000h\000e\000\040\000f\000o\000l\000l\000o\000w\000i\000n\000g\000\040\000e\000x\000e\000r\000c\000i\000s\000e\000\040\000i\000s\000\040\000o\000n\000\040\000t\000h\000e\000\040\000r\000e\000l\000a\000t\000i\000o\000n\000\040\000C\000o\000u\000r\000s\000e\000s\000\050\000C\000,\000T\000,\000H\000,\000R\000,\000S\000,\000G\000\051}{section.8}% 41
\BOOKMARK [3][-]{subsubsection.8.5.1}{\376\377\000W\000h\000a\000t\000\040\000a\000r\000e\000\040\000a\000l\000l\000\040\000t\000h\000e\000\040\000k\000e\000y\000s\000\040\000f\000o\000r\000\040\000C\000o\000u\000r\000s\000e\000s}{subsection.8.5}% 42
\BOOKMARK [3][-]{subsubsection.8.5.2}{\376\377\000V\000e\000r\000i\000f\000y\000\040\000t\000h\000a\000t\000\040\000t\000h\000e\000\040\000g\000i\000v\000e\000n\000\040\000F\000D\000'\000s\000\040\000a\000r\000e\000\040\000t\000h\000e\000i\000r\000\040\000o\000w\000n\000\040\000m\000i\000n\000i\000m\000a\000l\000\040\000b\000a\000s\000i\000s}{subsection.8.5}% 43
\BOOKMARK [3][-]{subsubsection.8.5.3}{\376\377\000M\000a\000k\000e\000\040\000t\000h\000e\000\040\000r\000e\000l\000a\000t\000i\000o\000n\000\040\000i\000n\000t\000o\000\040\000a\000\040\0003\000N\000F\000\040\000a\000n\000d\000\040\000c\000h\000e\000c\000k\000\040\000i\000f\000\040\000a\000n\000y\000\040\000B\000C\000N\000F\000\040\000v\000i\000o\000l\000a\000t\000i\000o\000n\000\040\000a\000c\000c\000o\000u\000r}{subsection.8.5}% 44
\BOOKMARK [1][-]{section.9}{\376\377\000W\000e\000e\000k}{}% 45
\BOOKMARK [2][-]{subsection.9.1}{\376\377\000C\000r\000e\000a\000t\000e\000\040\000a\000\040\000E\000R\000\040\000d\000i\000a\000g\000r\000a\000m\000\040\000f\000r\000o\000m\000\040\000t\000h\000e\000\040\000g\000i\000v\000e\000n\000\040\000i\000n\000f\000o\000r\000m\000a\000t\000i\000o\000n}{section.9}% 46
\BOOKMARK [2][-]{subsection.9.2}{\376\377\000C\000r\000e\000a\000t\000e\000\040\000a\000\040\000E\000R\000\040\000d\000i\000a\000g\000r\000a\000m\000\040\000f\000r\000o\000m\000\040\000t\000h\000e\000\040\000g\000i\000v\000e\000n\000\040\000i\000n\000f\000o\000r\000m\000a\000t\000i\000o\000n}{section.9}% 47
\BOOKMARK [2][-]{subsection.9.3}{\376\377\000C\000r\000e\000a\000t\000e\000\040\000a\000\040\000E\000R\000\040\000d\000i\000a\000g\000r\000a\000m\000\040\000f\000r\000o\000m\000\040\000t\000h\000e\000\040\000g\000i\000v\000e\000n\000\040\000i\000n\000f\000o\000r\000m\000a\000t\000i\000o\000n}{section.9}% 48
\BOOKMARK [2][-]{subsection.9.4}{\376\377\000C\000r\000e\000a\000t\000e\000\040\000a\000\040\000r\000e\000l\000a\000t\000i\000o\000n\000\040\000s\000c\000h\000e\000m\000a\000\040\000f\000r\000o\000m\000\040\000t\000h\000e\000\040\000g\000i\000v\000e\000n\000\040\000d\000i\000a\000g\000r\000a\000m}{section.9}% 49
\BOOKMARK [2][-]{subsection.9.5}{\376\377\000C\000r\000e\000a\000t\000e\000\040\000a\000\040\000r\000e\000l\000a\000t\000i\000o\000n\000\040\000u\000s\000i\000n\000g\000\040\000t\000h\000e\000\040\000d\000i\000f\000f\000e\000r\000e\000n\000t\000\040\000m\000e\000t\000h\000o\000d\000s\000,\000\040\000f\000r\000o\000m\000\040\000t\000h\000e\000\040\000g\000i\000v\000e\000n\000\040\000d\000i\000a\000g\000r\000a\000m}{section.9}% 50
\BOOKMARK [3][-]{subsubsection.9.5.1}{\376\377\000S\000t\000r\000a\000i\000g\000t\000\040\000E\000/\000R\000\040\000m\000o\000d\000e\000l}{subsection.9.5}% 51
\BOOKMARK [3][-]{subsubsection.9.5.2}{\376\377\000T\000h\000e\000\040\000o\000b\000j\000e\000c\000t\000\040\000o\000r\000i\000e\000n\000t\000e\000d}{subsection.9.5}% 52
\BOOKMARK [3][-]{subsubsection.9.5.3}{\376\377\000T\000h\000e\000\040\000n\000u\000l\000l\000\040\000m\000e\000t\000h\000o\000d}{subsection.9.5}% 53
